<?xml version="1.0" encoding="UTF-8"?>
<testng-results skipped="0" failed="0" ignored="0" total="1" passed="1">
  <reporter-output>
  </reporter-output>
  <suite name="Surefire suite" duration-ms="5252" started-at="2021-03-29T03:46:12Z" finished-at="2021-03-29T03:46:17Z">
    <groups>
    </groups>
    <test name="Surefire test" duration-ms="5252" started-at="2021-03-29T03:46:12Z" finished-at="2021-03-29T03:46:17Z">
      <class name="Util.ReportGenerate">
        <test-method status="PASS" signature="run()[pri:0, instance:Util.ReportGenerate@1aaf813]" name="run" duration-ms="5064" started-at="2021-03-29T03:46:12Z" finished-at="2021-03-29T03:46:17Z">
          <reporter-output>
          </reporter-output>
        </test-method> <!-- run -->
      </class> <!-- Util.ReportGenerate -->
    </test> <!-- Surefire test -->
  </suite> <!-- Surefire suite -->
</testng-results>
